# JRE version: Java(TM) SE Runtime Environment (12.0.2+10) (build 12.0.2+10)
# Java VM: Java HotSpot(TM) 64-Bit Server VM (12.0.2+10, mixed mode, sharing, tiered, compressed oops, g1 gc, windows-amd64)
Heap:
 garbage-first heap   total 159744K, used 88098K [0x0000000081a00000, 0x0000000100000000)
  region size 1024K, 49 young (50176K), 8 survivors (8192K)
 Metaspace       used 62052K, capacity 63710K, committed 63896K, reserved 1103872K
  class space    used 8436K, capacity 9055K, committed 9112K, reserved 1048576K
GC Heap History (10 events):
Event: 7.316 GC heap before
{Heap before GC invocations=13 (full 0):
 garbage-first heap   total 121856K, used 34725K [0x0000000081a00000, 0x0000000100000000)
  region size 1024K, 8 young (8192K), 7 survivors (7168K)
 Metaspace       used 34586K, capacity 35777K, committed 35840K, reserved 1081344K
  class space    used 4548K, capacity 4977K, committed 4992K, reserved 1048576K
}
Event: 7.329 GC heap after
{Heap after GC invocations=14 (full 0):
 garbage-first heap   total 146432K, used 34503K [0x0000000081a00000, 0x0000000100000000)
  region size 1024K, 4 young (4096K), 4 survivors (4096K)
 Metaspace       used 34586K, capacity 35777K, committed 35840K, reserved 1081344K
  class space    used 4548K, capacity 4977K, committed 4992K, reserved 1048576K
}
Event: 8.724 GC heap before
{Heap before GC invocations=15 (full 0):
 garbage-first heap   total 133120K, used 110279K [0x0000000081a00000, 0x0000000100000000)
  region size 1024K, 78 young (79872K), 4 survivors (4096K)
 Metaspace       used 43592K, capacity 44799K, committed 45080K, reserved 1087488K
  class space    used 5895K, capacity 6319K, committed 6424K, reserved 1048576K
}
Event: 8.742 GC heap after
{Heap after GC invocations=16 (full 0):
 garbage-first heap   total 133120K, used 36456K [0x0000000081a00000, 0x0000000100000000)
  region size 1024K, 6 young (6144K), 6 survivors (6144K)
 Metaspace       used 43592K, capacity 44799K, committed 45080K, reserved 1087488K
  class space    used 5895K, capacity 6319K, committed 6424K, reserved 1048576K
}
Event: 10.092 GC heap before
{Heap before GC invocations=17 (full 0):
 garbage-first heap   total 133120K, used 109160K [0x0000000081a00000, 0x0000000100000000)
  region size 1024K, 77 young (78848K), 6 survivors (6144K)
 Metaspace       used 48531K, capacity 49873K, committed 49944K, reserved 1091584K
  class space    used 6660K, capacity 7149K, committed 7192K, reserved 1048576K
}
Event: 10.116 GC heap after
{Heap after GC invocations=18 (full 0):
 garbage-first heap   total 133120K, used 39240K [0x0000000081a00000, 0x0000000100000000)
  region size 1024K, 8 young (8192K), 8 survivors (8192K)
 Metaspace       used 48531K, capacity 49873K, committed 49944K, reserved 1091584K
  class space    used 6660K, capacity 7149K, committed 7192K, reserved 1048576K
}
Event: 11.328 GC heap before
{Heap before GC invocations=18 (full 0):
 garbage-first heap   total 133120K, used 109896K [0x0000000081a00000, 0x0000000100000000)
  region size 1024K, 77 young (78848K), 8 survivors (8192K)
 Metaspace       used 54564K, capacity 56209K, committed 56472K, reserved 1097728K
  class space    used 7416K, capacity 7996K, committed 8088K, reserved 1048576K
}
Event: 11.348 GC heap after
{Heap after GC invocations=19 (full 0):
 garbage-first heap   total 133120K, used 42940K [0x0000000081a00000, 0x0000000100000000)
  region size 1024K, 9 young (9216K), 9 survivors (9216K)
 Metaspace       used 54564K, capacity 56209K, committed 56472K, reserved 1097728K
  class space    used 7416K, capacity 7996K, committed 8088K, reserved 1048576K
}
Event: 12.202 GC heap before
{Heap before GC invocations=19 (full 0):
 garbage-first heap   total 133120K, used 109500K [0x0000000081a00000, 0x0000000100000000)
  region size 1024K, 74 young (75776K), 9 survivors (9216K)
 Metaspace       used 59494K, capacity 61178K, committed 61464K, reserved 1101824K
  class space    used 8069K, capacity 8664K, committed 8728K, reserved 1048576K
}
Event: 12.224 GC heap after
{Heap after GC invocations=20 (full 0):
 garbage-first heap   total 159744K, used 47138K [0x0000000081a00000, 0x0000000100000000)
  region size 1024K, 8 young (8192K), 8 survivors (8192K)
 Metaspace       used 59494K, capacity 61178K, committed 61464K, reserved 1101824K
  class space    used 8069K, capacity 8664K, committed 8728K, reserved 1048576K
}

