# JRE version: Java(TM) SE Runtime Environment (12.0.2+10) (build 12.0.2+10)
# Java VM: Java HotSpot(TM) 64-Bit Server VM (12.0.2+10, mixed mode, sharing, tiered, compressed oops, g1 gc, windows-amd64)
Heap:
 garbage-first heap   total 150528K, used 105105K [0x0000000081a00000, 0x0000000100000000)
  region size 1024K, 51 young (52224K), 7 survivors (7168K)
 Metaspace       used 70651K, capacity 72909K, committed 73240K, reserved 1112064K
  class space    used 9628K, capacity 10393K, committed 10520K, reserved 1048576K
GC Heap History (10 events):
Event: 168.297 GC heap before
{Heap before GC invocations=25 (full 1):
 garbage-first heap   total 150528K, used 120084K [0x0000000081a00000, 0x0000000100000000)
  region size 1024K, 76 young (77824K), 6 survivors (6144K)
 Metaspace       used 69498K, capacity 71524K, committed 71704K, reserved 1110016K
  class space    used 9495K, capacity 10209K, committed 10264K, reserved 1048576K
}
Event: 168.305 GC heap after
{Heap after GC invocations=26 (full 1):
 garbage-first heap   total 150528K, used 49038K [0x0000000081a00000, 0x0000000100000000)
  region size 1024K, 6 young (6144K), 6 survivors (6144K)
 Metaspace       used 69498K, capacity 71524K, committed 71704K, reserved 1110016K
  class space    used 9495K, capacity 10209K, committed 10264K, reserved 1048576K
}
Event: 169.020 GC heap before
{Heap before GC invocations=26 (full 1):
 garbage-first heap   total 150528K, used 121742K [0x0000000081a00000, 0x0000000100000000)
  region size 1024K, 77 young (78848K), 6 survivors (6144K)
 Metaspace       used 69624K, capacity 71726K, committed 72088K, reserved 1112064K
  class space    used 9516K, capacity 10253K, committed 10392K, reserved 1048576K
}
Event: 169.030 GC heap after
{Heap after GC invocations=27 (full 1):
 garbage-first heap   total 150528K, used 52260K [0x0000000081a00000, 0x0000000100000000)
  region size 1024K, 7 young (7168K), 7 survivors (7168K)
 Metaspace       used 69624K, capacity 71726K, committed 72088K, reserved 1112064K
  class space    used 9516K, capacity 10253K, committed 10392K, reserved 1048576K
}
Event: 169.607 GC heap before
{Heap before GC invocations=27 (full 1):
 garbage-first heap   total 150528K, used 120868K [0x0000000081a00000, 0x0000000100000000)
  region size 1024K, 75 young (76800K), 7 survivors (7168K)
 Metaspace       used 69790K, capacity 71860K, committed 72088K, reserved 1112064K
  class space    used 9531K, capacity 10254K, committed 10392K, reserved 1048576K
}
Event: 169.617 GC heap after
{Heap after GC invocations=28 (full 1):
 garbage-first heap   total 150528K, used 54552K [0x0000000081a00000, 0x0000000100000000)
  region size 1024K, 7 young (7168K), 7 survivors (7168K)
 Metaspace       used 69790K, capacity 71860K, committed 72088K, reserved 1112064K
  class space    used 9531K, capacity 10254K, committed 10392K, reserved 1048576K
}
Event: 170.800 GC heap before
{Heap before GC invocations=28 (full 1):
 garbage-first heap   total 150528K, used 122136K [0x0000000081a00000, 0x0000000100000000)
  region size 1024K, 74 young (75776K), 7 survivors (7168K)
 Metaspace       used 69989K, capacity 72041K, committed 72344K, reserved 1112064K
  class space    used 9549K, capacity 10290K, committed 10392K, reserved 1048576K
}
Event: 170.813 GC heap after
{Heap after GC invocations=29 (full 1):
 garbage-first heap   total 150528K, used 57963K [0x0000000081a00000, 0x0000000100000000)
  region size 1024K, 9 young (9216K), 9 survivors (9216K)
 Metaspace       used 69989K, capacity 72041K, committed 72344K, reserved 1112064K
  class space    used 9549K, capacity 10290K, committed 10392K, reserved 1048576K
}
Event: 172.482 GC heap before
{Heap before GC invocations=29 (full 1):
 garbage-first heap   total 150528K, used 122475K [0x0000000081a00000, 0x0000000100000000)
  region size 1024K, 72 young (73728K), 9 survivors (9216K)
 Metaspace       used 70552K, capacity 72676K, committed 72856K, reserved 1112064K
  class space    used 9612K, capacity 10366K, committed 10392K, reserved 1048576K
}
Event: 172.499 GC heap after
{Heap after GC invocations=30 (full 1):
 garbage-first heap   total 150528K, used 61073K [0x0000000081a00000, 0x0000000100000000)
  region size 1024K, 7 young (7168K), 7 survivors (7168K)
 Metaspace       used 70552K, capacity 72676K, committed 72856K, reserved 1112064K
  class space    used 9612K, capacity 10366K, committed 10392K, reserved 1048576K
}

